{"name":"registro Utest","id":"yo-como-usuario-quiero-crear-una-automatización-que-se-encargue-de-ingresar-a-la-página-realizar-el-diligenciamiento-de-los;registro-utest","scenarioId":"registerdemoqa:registro Utest","methodName":"registro Utest","testSteps":[{"number":1,"description":"Given que ingreso a la pagina de utest","duration":205,"startTime":"2025-08-10T20:20:34.568660-05:00[America/Bogota]","exception":{"errorType":"net.thucydides.core.pages.WrongPageError","message":"The page object class demoqa.org.page.DemoQaPage could not be instantiated:\nFailed to instantiate page (org.openqa.selenium.InvalidSelectorException: Compound class names not permitted\nFor documentation on this error, please visit: https://www.selenium.dev/documentation/webdriver/troubleshooting/errors#invalid-selector-exception\nBuild info: version: \u00274.21.0\u0027, revision: \u002779ed462ef4\u0027\nSystem info: os.name: \u0027Windows 11\u0027, os.arch: \u0027amd64\u0027, os.version: \u002710.0\u0027, java.version: \u002711.0.28\u0027\nDriver info: driver.version: unknown)","stackTrace":[]},"result":"FAILURE","precondition":false,"level":0},{"number":2,"description":"When doy click en el boton join now","duration":0,"startTime":"2025-08-10T20:20:34.780825300-05:00[America/Bogota]","result":"SKIPPED","precondition":false,"level":0},{"number":3,"description":"Then completo el formulario \"Larry\" \"Mora\" \"ext_lmmorac@falabella.cl\"","duration":0,"startTime":"2025-08-10T20:20:34.794673500-05:00[America/Bogota]","result":"SKIPPED","precondition":false,"level":0},{"number":4,"description":"And doy click en el boton next Location","duration":0,"startTime":"2025-08-10T20:20:34.800668500-05:00[America/Bogota]","result":"SKIPPED","precondition":false,"level":0}],"userStory":{"id":"registerdemoqa","storyName":"Yo como usuario quiero crear una Automatización que se encargue de ingresar a la página realizar el diligenciamiento de los","displayName":"Yo como usuario quiero crear una Automatización que se encargue de ingresar a la página realizar el diligenciamiento de los","path":"registerdemoqa","pathElements":[{"name":"registerdemoqa","description":""}],"narrative":"  formularios con la finalidad de crear un nuevo usuario.","type":"feature"},"title":"registro Utest","description":"","tags":[{"name":"RegisterDemoQA","type":"tag","displayName":"RegisterDemoQA"}],"startTime":"2025-08-10T20:20:34.535642300-05:00[America/Bogota]","endTime":"2025-08-10T20:20:34.815672300-05:00[America/Bogota]","duration":280,"testFailureCause":{"errorType":"net.thucydides.core.pages.WrongPageError","message":"The page object class demoqa.org.page.DemoQaPage could not be instantiated:\nFailed to instantiate page (org.openqa.selenium.InvalidSelectorException: Compound class names not permitted\nFor documentation on this error, please visit: https://www.selenium.dev/documentation/webdriver/troubleshooting/errors#invalid-selector-exception\nBuild info: version: \u00274.21.0\u0027, revision: \u002779ed462ef4\u0027\nSystem info: os.name: \u0027Windows 11\u0027, os.arch: \u0027amd64\u0027, os.version: \u002710.0\u0027, java.version: \u002711.0.28\u0027\nDriver info: driver.version: unknown)","stackTrace":[]},"testFailureClassname":"net.thucydides.core.pages.WrongPageError","testFailureMessage":"The page object class demoqa.org.page.DemoQaPage could not be instantiated:\nFailed to instantiate page (org.openqa.selenium.InvalidSelectorException: Compound class names not permitted\nFor documentation on this error, please visit: https://www.selenium.dev/documentation/webdriver/troubleshooting/errors#invalid-selector-exception\nBuild info: version: \u00274.21.0\u0027, revision: \u002779ed462ef4\u0027\nSystem info: os.name: \u0027Windows 11\u0027, os.arch: \u0027amd64\u0027, os.version: \u002710.0\u0027, java.version: \u002711.0.28\u0027\nDriver info: driver.version: unknown)","testFailureSummary":"FAILURE;net.thucydides.core.pages.WrongPageError;The page object class demoqa.org.page.DemoQaPage could not be instantiated:\nFailed to instantiate page (org.openqa.selenium.InvalidSelectorException: Compound class names not permitted\nFor documentation on this error, please visit: https://www.selenium.dev/documentation/webdriver/troubleshooting/errors#invalid-selector-exception\nBuild info: version: \u00274.21.0\u0027, revision: \u002779ed462ef4\u0027\nSystem info: os.name: \u0027Windows 11\u0027, os.arch: \u0027amd64\u0027, os.version: \u002710.0\u0027, java.version: \u002711.0.28\u0027\nDriver info: driver.version: unknown);","projectKey":"","annotatedResult":"FAILURE","isManualTestingUpToDate":false,"manual":false,"testSource":"Cucumber","order":0,"result":"FAILURE"}