<?xml version="1.0" encoding="UTF-8" standalone="no"?><testsuite errors="0" failures="1" name="Yo como usuario quiero crear una Automatización que se encargue de ingresar a la página realizar el diligenciamiento de los" skipped="0" tests="1" time="10.46" timestamp="2025-08-12 05:00:39"><testcase name="registro Utest"><failure message="The page object class demoqa.org.page.DemoQaPage could not be instantiated:&#10;Failed to instantiate page (org.openqa.selenium.TimeoutException: Expected condition failed: waiting for url to contain &quot;https://www.utest.com/signup/address&quot;. Current url: &quot;&quot; (tried for 10 second(s) with 500 milliseconds interval)&#10;Build info: version: '4.21.0', revision: '79ed462ef4'&#10;System info: os.name: 'Windows 11', os.arch: 'amd64', os.version: '10.0', java.version: '11.0.28'&#10;Driver info: net.thucydides.core.webdriver.DevToolsWebDriverFacade)" type="net.thucydides.core.pages.WrongPageError">The page object class demoqa.org.page.DemoQaPage could not be instantiated:
Failed to instantiate page (org.openqa.selenium.TimeoutException: Expected condition failed: waiting for url to contain "https://www.utest.com/signup/address". Current url: "" (tried for 10 second(s) with 500 milliseconds interval)
Build info: version: '4.21.0', revision: '79ed462ef4'
System info: os.name: 'Windows 11', os.arch: 'amd64', os.version: '10.0', java.version: '11.0.28'
Driver info: net.thucydides.core.webdriver.DevToolsWebDriverFacade)</failure><system-err>The page object class demoqa.org.page.DemoQaPage could not be instantiated:
Failed to instantiate page (org.openqa.selenium.TimeoutException: Expected condition failed: waiting for url to contain "https://www.utest.com/signup/address". Current url: "" (tried for 10 second(s) with 500 milliseconds interval)
Build info: version: '4.21.0', revision: '79ed462ef4'
System info: os.name: 'Windows 11', os.arch: 'amd64', os.version: '10.0', java.version: '11.0.28'
Driver info: net.thucydides.core.webdriver.DevToolsWebDriverFacade)&#13;
</system-err></testcase></testsuite>